Found 8 S3 paths matching filters {'operator': 'Elmo', 'lab': 'rl2', 'scene': '1', 'task': 'fold clothes', 'robot_name': 'aria_bimanual'}
('', '2025-10-12-01-37-56-952000')
('rldb:/processed_v2/aria/1760233107674_processed', '2025-10-12-01-38-27-674000')
('', '2025-11-11-22-47-16-402000')
('rldb:/processed_v2/aria/1762901199752_processed', '2025-11-11-22-46-39-752000')
('rldb:/processed_v2/aria/1762901219304_processed', '2025-11-11-22-46-59-304000')
('rldb:/processed_v2/aria/1760233091933_processed', '2025-10-12-01-38-11-933000')
('', '2025-10-12-01-38-42-675000')
('rldb:/processed_v2/aria/1762901253445_processed', '2025-11-11-22-47-33-445000')

Found 4 S3 paths matching filters {'operator': 'Elmo', 'lab': 'rl2', 'scene': '2', 'task': 'fold clothes', 'robot_name': 'aria_bimanual'}
('', '2025-10-12-01-38-58-140000')
('rldb:/processed_v2/aria/1760233169633_processed', '2025-10-12-01-39-29-633000')
('rldb:/processed_v2/aria/1760233184736_processed', '2025-10-12-01-39-44-736000')
('rldb:/processed_v2/aria/1760233154013_processed', '2025-10-12-01-39-14-013000')

Found 4 S3 paths matching filters {'operator': 'Elmo', 'lab': 'rl2', 'scene': '3', 'task': 'fold clothes', 'robot_name': 'aria_bimanual'}
('', '2025-10-12-01-50-42-275000')
('rldb:/processed_v2/aria/1760233886218_processed', '2025-10-12-01-51-26-218000')
('rldb:/processed_v2/aria/1760233864211_processed', '2025-10-12-01-51-04-211000')
('rldb:/processed_v2/aria/1760233909249_processed', '2025-10-12-01-51-49-249000')

Found 4 S3 paths matching filters {'operator': 'Elmo', 'lab': 'rl2', 'scene': '4', 'task': 'fold clothes', 'robot_name': 'aria_bimanual'}
('rldb:/processed_v2/aria/1760233821394_processed', '2025-10-12-01-50-21-394000')
('', '2025-10-12-01-50-01-344000')
('', '2025-10-12-01-49-41-726000')
('rldb:/processed_v2/aria/1760233762409_processed', '2025-10-12-01-49-22-409000')

Found 4 S3 paths matching filters {'operator': 'Elmo', 'lab': 'rl2', 'scene': '5', 'task': 'fold clothes', 'robot_name': 'aria_bimanual'}
('', '2025-10-12-01-49-02-073000')
('', '2025-10-12-01-48-19-586000')
('rldb:/processed_v2/aria/1760233728267_processed', '2025-10-12-01-48-48-267000')
('rldb:/processed_v2/aria/1760233713473_processed', '2025-10-12-01-48-33-473000')

Found 3 S3 paths matching filters {'operator': 'Elmo', 'lab': 'rl2', 'scene': '6', 'task': 'fold clothes', 'robot_name': 'aria_bimanual'}
('', '2025-10-13-03-59-06-960000')
('', '2025-10-13-03-59-46-212000')
('rldb:/processed_v2/aria/1760327966539_processed', '2025-10-13-03-59-26-539000')

Found 4 S3 paths matching filters {'operator': 'Elmo', 'lab': 'rl2', 'scene': '7', 'task': 'fold clothes', 'robot_name': 'aria_bimanual'}
('', '2025-10-13-03-57-49-250000')
('', '2025-10-13-03-58-20-008000')
('rldb:/processed_v2/aria/1760327927763_processed', '2025-10-13-03-58-47-763000')
('', '2025-10-13-03-57-21-362000')

Found 5 S3 paths matching filters {'operator': 'Elmo', 'lab': 'rl2', 'scene': '8', 'task': 'fold clothes', 'robot_name': 'aria_bimanual'}
('rldb:/processed_v2/aria/1760327742588_processed', '2025-10-13-03-55-42-588000')
('rldb:/processed_v2/aria/1760327738230_processed', '2025-10-13-03-55-38-230000')
('rldb:/processed_v2/aria/1760327766797_processed', '2025-10-13-03-56-06-797000')
('rldb:/processed_v2/aria/1760327812773_processed', '2025-10-13-03-56-52-773000')
('rldb:/processed_v2/aria/1760327788534_processed', '2025-10-13-03-56-28-534000')


Found 2 S3 paths matching filters {'operator': 'Zhenyang', 'lab': 'rl2', 'scene': '1', 'task': 'fold clothes', 'robot_name': 'aria_bimanual'}
('rldb:/processed_v2/aria/1758487450000_processed', '2025-09-21-20-44-10-000000')
('rldb:/processed_v2/aria/1758487833000_processed', '2025-09-21-20-50-33-000000')

Found 2 S3 paths matching filters {'operator': 'Zhenyang', 'lab': 'rl2', 'scene': '2', 'task': 'fold clothes', 'robot_name': 'aria_bimanual'}
('rldb:/processed_v2/aria/1758488472000_processed', '2025-09-21-21-01-12-000000')
('rldb:/processed_v2/aria/1758488172000_processed', '2025-09-21-20-56-12-000000')

Found 2 S3 paths matching filters {'operator': 'Zhenyang', 'lab': 'rl2', 'scene': '3', 'task': 'fold clothes', 'robot_name': 'aria_bimanual'}
('rldb:/processed_v2/aria/1758490521000_processed', '2025-09-21-21-35-21-000000')
('rldb:/processed_v2/aria/1758490803000_processed', '2025-09-21-21-40-03-000000')

Found 3 S3 paths matching filters {'operator': 'Zhenyang', 'lab': 'rl2', 'scene': '4', 'task': 'fold clothes', 'robot_name': 'aria_bimanual'}
('rldb:/processed_v2/aria/1758493301000_processed', '2025-09-21-22-21-41-000000')
('rldb:/processed_v2/aria/1758493030000_processed', '2025-09-21-22-17-10-000000')
('rldb:/processed_v2/aria/1758395062000_processed', '2025-09-20-19-04-22-000000')

Found 4 S3 paths matching filters {'operator': 'Zhenyang', 'lab': 'rl2', 'scene': '5', 'task': 'fold clothes', 'robot_name': 'aria_bimanual'}
('rldb:/processed_v2/aria/1758506539000_processed', '2025-09-22-02-02-19-000000')
('rldb:/processed_v2/aria/1758506197000_processed', '2025-09-22-01-56-37-000000')
('rldb:/processed_v2/aria/1758398249000_processed', '2025-09-20-19-57-29-000000')
('rldb:/processed_v2/aria/1758397987000_processed', '2025-09-20-19-53-07-000000')

Found 4 S3 paths matching filters {'operator': 'Zhenyang', 'lab': 'rl2', 'scene': '6', 'task': 'fold clothes', 'robot_name': 'aria_bimanual'}
('rldb:/processed_v2/aria/1758507859000_processed', '2025-09-22-02-24-19-000000')
('rldb:/processed_v2/aria/1758400043000_processed', '2025-09-20-20-27-23-000000')
('rldb:/processed_v2/aria/1758399786000_processed', '2025-09-20-20-23-06-000000')
('rldb:/processed_v2/aria/1758507578000_processed', '2025-09-22-02-19-38-000000')

Found 4 S3 paths matching filters {'operator': 'Zhenyang', 'lab': 'rl2', 'scene': '7', 'task': 'fold clothes', 'robot_name': 'aria_bimanual'}
('rldb:/processed_v2/aria/1758508576000_processed', '2025-09-22-02-36-16-000000')
('rldb:/processed_v2/aria/1758401713000_processed', '2025-09-20-20-55-13-000000')
('rldb:/processed_v2/aria/1758401985000_processed', '2025-09-20-20-59-45-000000')
('rldb:/processed_v2/aria/1758508297000_processed', '2025-09-22-02-31-37-000000')

Found 4 S3 paths matching filters {'operator': 'Zhenyang', 'lab': 'rl2', 'scene': '8', 'task': 'fold clothes', 'robot_name': 'aria_bimanual'}
('rldb:/processed_v2/aria/1758510567000_processed', '2025-09-22-03-09-27-000000')
('rldb:/processed_v2/aria/1758510838000_processed', '2025-09-22-03-13-58-000000')
('rldb:/processed_v2/aria/1758403393000_processed', '2025-09-20-21-23-13-000000')
('rldb:/processed_v2/aria/1758403635000_processed', '2025-09-20-21-27-15-000000')


Found 2 S3 paths matching filters {'operator': 'Xinchen', 'lab': 'rl2', 'scene': '1', 'task': 'fold clothes', 'robot_name': 'aria_bimanual'}
('rldb:/processed_v2/aria/1758721823000_processed', '2025-09-24-13-50-23-000000')
('rldb:/processed_v2/aria/1758721562000_processed', '2025-09-24-13-46-02-000000')

Found 2 S3 paths matching filters {'operator': 'Xinchen', 'lab': 'rl2', 'scene': '2', 'task': 'fold clothes', 'robot_name': 'aria_bimanual'}
('rldb:/processed_v2/aria/1758723061000_processed', '2025-09-24-14-11-01-000000')
('rldb:/processed_v2/aria/1758722800000_processed', '2025-09-24-14-06-40-000000')

Found 2 S3 paths matching filters {'operator': 'Xinchen', 'lab': 'rl2', 'scene': '3', 'task': 'fold clothes', 'robot_name': 'aria_bimanual'}
('rldb:/processed_v2/aria/1758724934000_processed', '2025-09-24-14-42-14-000000')
('rldb:/processed_v2/aria/1758724668000_processed', '2025-09-24-14-37-48-000000')

Found 2 S3 paths matching filters {'operator': 'Xinchen', 'lab': 'rl2', 'scene': '4', 'task': 'fold clothes', 'robot_name': 'aria_bimanual'}
('rldb:/processed_v2/aria/1758731339000_processed', '2025-09-24-16-28-59-000000')
('rldb:/processed_v2/aria/1758731089000_processed', '2025-09-24-16-24-49-000000')

Found 2 S3 paths matching filters {'operator': 'Xinchen', 'lab': 'rl2', 'scene': '5', 'task': 'fold clothes', 'robot_name': 'aria_bimanual'}
('rldb:/processed_v2/aria/1758726102000_processed', '2025-09-24-15-01-42-000000')
('rldb:/processed_v2/aria/1758725852000_processed', '2025-09-24-14-57-32-000000')

Found 2 S3 paths matching filters {'operator': 'Xinchen', 'lab': 'rl2', 'scene': '6', 'task': 'fold clothes', 'robot_name': 'aria_bimanual'}
('rldb:/processed_v2/aria/1758726989000_processed', '2025-09-24-15-16-29-000000')
('rldb:/processed_v2/aria/1758727242000_processed', '2025-09-24-15-20-42-000000')

Found 2 S3 paths matching filters {'operator': 'Xinchen', 'lab': 'rl2', 'scene': '7', 'task': 'fold clothes', 'robot_name': 'aria_bimanual'}
('rldb:/processed_v2/aria/1758728675000_processed', '2025-09-24-15-44-35-000000')
('rldb:/processed_v2/aria/1758728378000_processed', '2025-09-24-15-39-38-000000')

Found 2 S3 paths matching filters {'operator': 'Xinchen', 'lab': 'rl2', 'scene': '8', 'task': 'fold clothes', 'robot_name': 'aria_bimanual'}
('rldb:/processed_v2/aria/1758730115000_processed', '2025-09-24-16-08-35-000000')
('rldb:/processed_v2/aria/1758729863000_processed', '2025-09-24-16-04-23-000000')


Found 2 S3 paths matching filters {'operator': 'David', 'lab': 'rl2', 'scene': '1', 'task': 'fold clothes', 'robot_name': 'aria_bimanual'}
('rldb:/processed_v2/aria/1758908442000_processed', '2025-09-26-17-40-42-000000')
('rldb:/processed_v2/aria/1758908746000_processed', '2025-09-26-17-45-46-000000')

Found 2 S3 paths matching filters {'operator': 'David', 'lab': 'rl2', 'scene': '2', 'task': 'fold clothes', 'robot_name': 'aria_bimanual'}
('rldb:/processed_v2/aria/1758909109000_processed', '2025-09-26-17-51-49-000000')
('rldb:/processed_v2/aria/1758909364000_processed', '2025-09-26-17-56-04-000000')

Found 2 S3 paths matching filters {'operator': 'David', 'lab': 'rl2', 'scene': '3', 'task': 'fold clothes', 'robot_name': 'aria_bimanual'}
('rldb:/processed_v2/aria/1758912460000_processed', '2025-09-26-18-47-40-000000')
('rldb:/processed_v2/aria/1758912187000_processed', '2025-09-26-18-43-07-000000')

Found 2 S3 paths matching filters {'operator': 'David', 'lab': 'rl2', 'scene': '4', 'task': 'fold clothes', 'robot_name': 'aria_bimanual'}
('rldb:/processed_v2/aria/1758911277000_processed', '2025-09-26-18-27-57-000000')
('rldb:/processed_v2/aria/1758911015000_processed', '2025-09-26-18-23-35-000000')

Found 2 S3 paths matching filters {'operator': 'David', 'lab': 'rl2', 'scene': '5', 'task': 'fold clothes', 'robot_name': 'aria_bimanual'}
('rldb:/processed_v2/aria/1758913713000_processed', '2025-09-26-19-08-33-000000')
('rldb:/processed_v2/aria/1758913449000_processed', '2025-09-26-19-04-09-000000')

Found 2 S3 paths matching filters {'operator': 'David', 'lab': 'rl2', 'scene': '6', 'task': 'fold clothes', 'robot_name': 'aria_bimanual'}
('rldb:/processed_v2/aria/1758916423000_processed', '2025-09-26-19-53-43-000000')
('rldb:/processed_v2/aria/1758916723000_processed', '2025-09-26-19-58-43-000000')

Found 2 S3 paths matching filters {'operator': 'David', 'lab': 'rl2', 'scene': '7', 'task': 'fold clothes', 'robot_name': 'aria_bimanual'}
('rldb:/processed_v2/aria/1758917621000_processed', '2025-09-26-20-13-41-000000')
('rldb:/processed_v2/aria/1758917897000_processed', '2025-09-26-20-18-17-000000')

Found 2 S3 paths matching filters {'operator': 'David', 'lab': 'rl2', 'scene': '8', 'task': 'fold clothes', 'robot_name': 'aria_bimanual'}
('rldb:/processed_v2/aria/1758915195000_processed', '2025-09-26-19-33-15-000000')
('rldb:/processed_v2/aria/1758915448000_processed', '2025-09-26-19-37-28-000000')


Found 2 S3 paths matching filters {'operator': 'Shuo', 'lab': 'rl2', 'scene': '1', 'task': 'fold clothes', 'robot_name': 'aria_bimanual'}
('rldb:/processed_v2/aria/1758823853000_processed', '2025-09-25-18-10-53-000000')
('rldb:/processed_v2/aria/1758824240000_processed', '2025-09-25-18-17-20-000000')

Found 2 S3 paths matching filters {'operator': 'Shuo', 'lab': 'rl2', 'scene': '2', 'task': 'fold clothes', 'robot_name': 'aria_bimanual'}
('rldb:/processed_v2/aria/1758825733000_processed', '2025-09-25-18-42-13-000000')
('rldb:/processed_v2/aria/1758825455000_processed', '2025-09-25-18-37-35-000000')

Found 2 S3 paths matching filters {'operator': 'Shuo', 'lab': 'rl2', 'scene': '3', 'task': 'fold clothes', 'robot_name': 'aria_bimanual'}
('rldb:/processed_v2/aria/1758826860000_processed', '2025-09-25-19-01-00-000000')
('rldb:/processed_v2/aria/1758827509000_processed', '2025-09-25-19-11-49-000000')

Found 1 S3 paths matching filters {'operator': 'Shuo', 'lab': 'rl2', 'scene': '4', 'task': 'fold clothes', 'robot_name': 'aria_bimanual'}
('rldb:/processed_v2/aria/1758828463000_processed', '2025-09-25-19-27-43-000000')

Found 2 S3 paths matching filters {'operator': 'Shuo', 'lab': 'rl2', 'scene': '5', 'task': 'fold clothes', 'robot_name': 'aria_bimanual'}
('rldb:/processed_v2/aria/1758830617000_processed', '2025-09-25-20-03-37-000000')
('rldb:/processed_v2/aria/1758830886000_processed', '2025-09-25-20-08-06-000000')

Found 2 S3 paths matching filters {'operator': 'Shuo', 'lab': 'rl2', 'scene': '6', 'task': 'fold clothes', 'robot_name': 'aria_bimanual'}
('rldb:/processed_v2/aria/1758834337000_processed', '2025-09-25-21-05-37-000000')
('rldb:/processed_v2/aria/1758834087000_processed', '2025-09-25-21-01-27-000000')

Found 2 S3 paths matching filters {'operator': 'Shuo', 'lab': 'rl2', 'scene': '7', 'task': 'fold clothes', 'robot_name': 'aria_bimanual'}
('rldb:/processed_v2/aria/1758837466000_processed', '2025-09-25-21-57-46-000000')
('rldb:/processed_v2/aria/1758837221000_processed', '2025-09-25-21-53-41-000000')

Found 2 S3 paths matching filters {'operator': 'Shuo', 'lab': 'rl2', 'scene': '8', 'task': 'fold clothes', 'robot_name': 'aria_bimanual'}
('rldb:/processed_v2/aria/1758840259000_processed', '2025-09-25-22-44-19-000000')
('rldb:/processed_v2/aria/1758839994000_processed', '2025-09-25-22-39-54-000000')


Found 2 S3 paths matching filters {'operator': 'Rohan', 'lab': 'rl2', 'scene': '1', 'task': 'fold clothes', 'robot_name': 'aria_bimanual'}
('rldb:/processed_v2/aria/1759004958000_processed', '2025-09-27-20-29-18-000000')
('rldb:/processed_v2/aria/1759004692000_processed', '2025-09-27-20-24-52-000000')

Found 2 S3 paths matching filters {'operator': 'Rohan', 'lab': 'rl2', 'scene': '2', 'task': 'fold clothes', 'robot_name': 'aria_bimanual'}
('rldb:/processed_v2/aria/1759005884000_processed', '2025-09-27-20-44-44-000000')
('rldb:/processed_v2/aria/1759006194000_processed', '2025-09-27-20-49-54-000000')

Found 2 S3 paths matching filters {'operator': 'Rohan', 'lab': 'rl2', 'scene': '4', 'task': 'fold clothes', 'robot_name': 'aria_bimanual'}
('rldb:/processed_v2/aria/1759009328000_processed', '2025-09-27-21-42-08-000000')
('rldb:/processed_v2/aria/1759009562000_processed', '2025-09-27-21-46-02-000000')

Found 2 S3 paths matching filters {'operator': 'Rohan', 'lab': 'rl2', 'scene': '5', 'task': 'fold clothes', 'robot_name': 'aria_bimanual'}
('rldb:/processed_v2/aria/1759011864000_processed', '2025-09-27-22-24-24-000000')
('rldb:/processed_v2/aria/1759011620000_processed', '2025-09-27-22-20-20-000000')

Found 2 S3 paths matching filters {'operator': 'Rohan', 'lab': 'rl2', 'scene': '6', 'task': 'fold clothes', 'robot_name': 'aria_bimanual'}
('rldb:/processed_v2/aria/1759511399000_processed', '2025-10-03-17-09-59-000000')
('rldb:/processed_v2/aria/1759511160000_processed', '2025-10-03-17-06-00-000000')

Found 2 S3 paths matching filters {'operator': 'Rohan', 'lab': 'rl2', 'scene': '7', 'task': 'fold clothes', 'robot_name': 'aria_bimanual'}
('rldb:/processed_v2/aria/1759512571000_processed', '2025-10-03-17-29-31-000000')
('rldb:/processed_v2/aria/1759512315000_processed', '2025-10-03-17-25-15-000000')

Found 2 S3 paths matching filters {'operator': 'Rohan', 'lab': 'rl2', 'scene': '8', 'task': 'fold clothes', 'robot_name': 'aria_bimanual'}
('rldb:/processed_v2/aria/1759010507000_processed', '2025-09-27-22-01-47-000000')
('rldb:/processed_v2/aria/1759010768000_processed', '2025-09-27-22-06-08-000000')


Found 2 S3 paths matching filters {'operator': 'Vaibhav', 'lab': 'rl2', 'scene': '1', 'task': 'fold clothes', 'robot_name': 'aria_bimanual'}
('rldb:/processed_v2/aria/1758911804000_processed', '2025-09-26-18-36-44-000000')
('rldb:/processed_v2/aria/1758912095000_processed', '2025-09-26-18-41-35-000000')

Found 2 S3 paths matching filters {'operator': 'Vaibhav', 'lab': 'rl2', 'scene': '2', 'task': 'fold clothes', 'robot_name': 'aria_bimanual'}
('rldb:/processed_v2/aria/1758913139000_processed', '2025-09-26-18-58-59-000000')
('rldb:/processed_v2/aria/1758913571000_processed', '2025-09-26-19-06-11-000000')

Found 3 S3 paths matching filters {'operator': 'Vaibhav', 'lab': 'rl2', 'scene': '3', 'task': 'fold clothes', 'robot_name': 'aria_bimanual'}
('rldb:/processed_v2/aria/1758916070000_processed', '2025-09-26-19-47-50-000000')
('rldb:/processed_v2/aria/1758914935000_processed', '2025-09-26-19-28-55-000000')
('rldb:/processed_v2/aria/1758915192000_processed', '2025-09-26-19-33-12-000000')

Found 2 S3 paths matching filters {'operator': 'Vaibhav', 'lab': 'rl2', 'scene': '4', 'task': 'fold clothes', 'robot_name': 'aria_bimanual'}
('rldb:/processed_v2/aria/1758919848000_processed', '2025-09-26-20-50-48-000000')
('rldb:/processed_v2/aria/1758920090000_processed', '2025-09-26-20-54-50-000000')

Found 2 S3 paths matching filters {'operator': 'Vaibhav', 'lab': 'rl2', 'scene': '5', 'task': 'fold clothes', 'robot_name': 'aria_bimanual'}
('rldb:/processed_v2/aria/1758917853000_processed', '2025-09-26-20-17-33-000000')
('rldb:/processed_v2/aria/1758917570000_processed', '2025-09-26-20-12-50-000000')

Found 2 S3 paths matching filters {'operator': 'Vaibhav', 'lab': 'rl2', 'scene': '6', 'task': 'fold clothes', 'robot_name': 'aria_bimanual'}
('rldb:/processed_v2/aria/1758918735000_processed', '2025-09-26-20-32-15-000000')
('rldb:/processed_v2/aria/1758918980000_processed', '2025-09-26-20-36-20-000000')

Found 2 S3 paths matching filters {'operator': 'Vaibhav', 'lab': 'rl2', 'scene': '7', 'task': 'fold clothes', 'robot_name': 'aria_bimanual'}
('rldb:/processed_v2/aria/1759511162000_processed', '2025-10-03-17-06-02-000000')
('rldb:/processed_v2/aria/1759510909000_processed', '2025-10-03-17-01-49-000000')

Found 2 S3 paths matching filters {'operator': 'Vaibhav', 'lab': 'rl2', 'scene': '8', 'task': 'fold clothes', 'robot_name': 'aria_bimanual'}
('rldb:/processed_v2/aria/1758916332000_processed', '2025-09-26-19-52-12-000000')
('rldb:/processed_v2/aria/1758916605000_processed', '2025-09-26-19-56-45-000000')


Found 2 S3 paths matching filters {'operator': 'Mengying', 'lab': 'rl2', 'scene': '1', 'task': 'fold clothes', 'robot_name': 'aria_bimanual'}
('rldb:/processed_v2/aria/1758655508000_processed', '2025-09-23-19-25-08-000000')
('rldb:/processed_v2/aria/1758655234000_processed', '2025-09-23-19-20-34-000000')

Found 2 S3 paths matching filters {'operator': 'Mengying', 'lab': 'rl2', 'scene': '2', 'task': 'fold clothes', 'robot_name': 'aria_bimanual'}
('rldb:/processed_v2/aria/1758655964000_processed', '2025-09-23-19-32-44-000000')
('rldb:/processed_v2/aria/1758656249000_processed', '2025-09-23-19-37-29-000000')

Found 2 S3 paths matching filters {'operator': 'Mengying', 'lab': 'rl2', 'scene': '3', 'task': 'fold clothes', 'robot_name': 'aria_bimanual'}
('rldb:/processed_v2/aria/1758659689000_processed', '2025-09-23-20-34-49-000000')
('rldb:/processed_v2/aria/1758659413000_processed', '2025-09-23-20-30-13-000000')

Found 2 S3 paths matching filters {'operator': 'Mengying', 'lab': 'rl2', 'scene': '4', 'task': 'fold clothes', 'robot_name': 'aria_bimanual'}
('rldb:/processed_v2/aria/1758664680000_processed', '2025-09-23-21-58-00-000000')
('rldb:/processed_v2/aria/1758665703000_processed', '2025-09-23-22-15-03-000000')

Found 2 S3 paths matching filters {'operator': 'Mengying', 'lab': 'rl2', 'scene': '5', 'task': 'fold clothes', 'robot_name': 'aria_bimanual'}
('rldb:/processed_v2/aria/1758662091000_processed', '2025-09-23-21-14-51-000000')
('rldb:/processed_v2/aria/1758661833000_processed', '2025-09-23-21-10-33-000000')

Found 2 S3 paths matching filters {'operator': 'Mengying', 'lab': 'rl2', 'scene': '6', 'task': 'fold clothes', 'robot_name': 'aria_bimanual'}
('rldb:/processed_v2/aria/1758658779000_processed', '2025-09-23-20-19-39-000000')
('rldb:/processed_v2/aria/1758658471000_processed', '2025-09-23-20-14-31-000000')

Found 2 S3 paths matching filters {'operator': 'Mengying', 'lab': 'rl2', 'scene': '7', 'task': 'fold clothes', 'robot_name': 'aria_bimanual'}
('rldb:/processed_v2/aria/1758663256000_processed', '2025-09-23-21-34-16-000000')
('rldb:/processed_v2/aria/1758663535000_processed', '2025-09-23-21-38-55-000000')

Found 2 S3 paths matching filters {'operator': 'Mengying', 'lab': 'rl2', 'scene': '8', 'task': 'fold clothes', 'robot_name': 'aria_bimanual'}
('rldb:/processed_v2/aria/1758667383000_processed', '2025-09-23-22-43-03-000000')
('rldb:/processed_v2/aria/1758667632000_processed', '2025-09-23-22-47-12-000000')


Found 28 S3 paths matching filters {'operator': 'Aniketh', 'lab': 'rl2', 'scene': '1', 'task': 'fold clothes', 'robot_name': 'aria_bimanual'}
('', '2025-10-29-21-54-36-191000')
('', '2025-10-29-21-54-36-193000')
('rldb:/processed_v2/aria/1761774876220_processed', '2025-10-29-21-54-36-220000')
('rldb:/processed_v2/aria/1761774876197_processed', '2025-10-29-21-54-36-197000')
('', '2025-10-29-21-54-36-219000')
('rldb:/processed_v2/aria/1761774876213_processed', '2025-10-29-21-54-36-213000')
('rldb:/processed_v2/aria/1761774876223_processed', '2025-10-29-21-54-36-223000')
('rldb:/processed_v2/aria/1761774876215_processed', '2025-10-29-21-54-36-215000')
('rldb:/processed_v2/aria/1761774876200_processed', '2025-10-29-21-54-36-200000')
('rldb:/processed_v2/aria/1761774876214_processed', '2025-10-29-21-54-36-214000')
('rldb:/processed_v2/aria/1761774876190_processed', '2025-10-29-21-54-36-190000')
('rldb:/processed_v2/aria/1761774876217_processed', '2025-10-29-21-54-36-217000')
('rldb:/processed_v2/aria/1761774876198_processed', '2025-10-29-21-54-36-198000')
('rldb:/processed_v2/aria/1761774876202_processed', '2025-10-29-21-54-36-202000')
('rldb:/processed_v2/aria/1761774876204_processed', '2025-10-29-21-54-36-204000')
('rldb:/processed_v2/aria/1761774876224_processed', '2025-10-29-21-54-36-224000')
('rldb:/processed_v2/aria/1761774876222_processed', '2025-10-29-21-54-36-222000')
('rldb:/processed_v2/aria/1761774876216_processed', '2025-10-29-21-54-36-216000')
('rldb:/processed_v2/aria/1761774876221_processed', '2025-10-29-21-54-36-221000')
('rldb:/processed_v2/aria/1761774876194_processed', '2025-10-29-21-54-36-194000')
('rldb:/processed_v2/aria/1761774876199_processed', '2025-10-29-21-54-36-199000')
('rldb:/processed_v2/aria/1761774876225_processed', '2025-10-29-21-54-36-225000')
('rldb:/processed_v2/aria/1761774876201_processed', '2025-10-29-21-54-36-201000')
('rldb:/processed_v2/aria/1761774876195_processed', '2025-10-29-21-54-36-195000')
('rldb:/processed_v2/aria/1761774876189_processed', '2025-10-29-21-54-36-189000')
('rldb:/processed_v2/aria/1761774876218_processed', '2025-10-29-21-54-36-218000')
('rldb:/processed_v2/aria/1761774876196_processed', '2025-10-29-21-54-36-196000')
('rldb:/processed_v2/aria/1761774876203_processed', '2025-10-29-21-54-36-203000')

Found 1 S3 paths matching filters {'operator': 'Aniketh', 'lab': 'rl2', 'scene': '2', 'task': 'fold clothes', 'robot_name': 'aria_bimanual'}
('rldb:/processed_v2/aria/1761775414282_processed', '2025-10-29-22-03-34-282000')

Found 1 S3 paths matching filters {'operator': 'Aniketh', 'lab': 'rl2', 'scene': '3', 'task': 'fold clothes', 'robot_name': 'aria_bimanual'}
('rldb:/processed_v2/aria/1761775458886_processed', '2025-10-29-22-04-18-886000')

Found 1 S3 paths matching filters {'operator': 'Aniketh', 'lab': 'rl2', 'scene': '4', 'task': 'fold clothes', 'robot_name': 'aria_bimanual'}
('rldb:/processed_v2/aria/1761775420792_processed', '2025-10-29-22-03-40-792000')

Found 1 S3 paths matching filters {'operator': 'Aniketh', 'lab': 'rl2', 'scene': '5', 'task': 'fold clothes', 'robot_name': 'aria_bimanual'}
('rldb:/processed_v2/aria/1761775426365_processed', '2025-10-29-22-03-46-365000')

Found 1 S3 paths matching filters {'operator': 'Aniketh', 'lab': 'rl2', 'scene': '6', 'task': 'fold clothes', 'robot_name': 'aria_bimanual'}
('rldb:/processed_v2/aria/1761775429312_processed', '2025-10-29-22-03-49-312000')

Found 1 S3 paths matching filters {'operator': 'Aniketh', 'lab': 'rl2', 'scene': '7', 'task': 'fold clothes', 'robot_name': 'aria_bimanual'}
('rldb:/processed_v2/aria/1761775433625_processed', '2025-10-29-22-03-53-625000')

Found 1 S3 paths matching filters {'operator': 'Aniketh', 'lab': 'rl2', 'scene': '8', 'task': 'fold clothes', 'robot_name': 'aria_bimanual'}
('rldb:/processed_v2/aria/1761775436738_processed', '2025-10-29-22-03-56-738000')


Found 6 S3 paths matching filters {'operator': 'Jenny', 'lab': 'rl2', 'scene': '1', 'task': 'fold clothes', 'robot_name': 'aria_bimanual'}
('rldb:/processed_v2/aria/1761775314608_processed', '2025-10-29-22-01-54-608000')
('rldb:/processed_v2/aria/1761775314609_processed', '2025-10-29-22-01-54-609000')
('rldb:/processed_v2/aria/1761775314605_processed', '2025-10-29-22-01-54-605000')
('rldb:/processed_v2/aria/1761775314607_processed', '2025-10-29-22-01-54-607000')
('rldb:/processed_v2/aria/1761775314606_processed', '2025-10-29-22-01-54-606000')
('rldb:/processed_v2/aria/1761775314603_processed', '2025-10-29-22-01-54-603000')

Found 1 S3 paths matching filters {'operator': 'Jenny', 'lab': 'rl2', 'scene': '2', 'task': 'fold clothes', 'robot_name': 'aria_bimanual'}
('rldb:/processed_v2/aria/1761775318834_processed', '2025-10-29-22-01-58-834000')

Found 1 S3 paths matching filters {'operator': 'Jenny', 'lab': 'rl2', 'scene': '3', 'task': 'fold clothes', 'robot_name': 'aria_bimanual'}
('rldb:/processed_v2/aria/1761775321699_processed', '2025-10-29-22-02-01-699000')

Found 1 S3 paths matching filters {'operator': 'Jenny', 'lab': 'rl2', 'scene': '4', 'task': 'fold clothes', 'robot_name': 'aria_bimanual'}
('rldb:/processed_v2/aria/1761775324385_processed', '2025-10-29-22-02-04-385000')

Found 1 S3 paths matching filters {'operator': 'Jenny', 'lab': 'rl2', 'scene': '5', 'task': 'fold clothes', 'robot_name': 'aria_bimanual'}
('rldb:/processed_v2/aria/1761775327340_processed', '2025-10-29-22-02-07-340000')

Found 1 S3 paths matching filters {'operator': 'Jenny', 'lab': 'rl2', 'scene': '6', 'task': 'fold clothes', 'robot_name': 'aria_bimanual'}
('rldb:/processed_v2/aria/1761775330145_processed', '2025-10-29-22-02-10-145000')

Found 1 S3 paths matching filters {'operator': 'Jenny', 'lab': 'rl2', 'scene': '7', 'task': 'fold clothes', 'robot_name': 'aria_bimanual'}
('rldb:/processed_v2/aria/1761775335410_processed', '2025-10-29-22-02-15-410000')

Found 1 S3 paths matching filters {'operator': 'Jenny', 'lab': 'rl2', 'scene': '8', 'task': 'fold clothes', 'robot_name': 'aria_bimanual'}
('rldb:/processed_v2/aria/1761775340323_processed', '2025-10-29-22-02-20-323000')


Found 6 S3 paths matching filters {'operator': 'Baoyu', 'lab': 'rl2', 'scene': '1', 'task': 'fold clothes', 'robot_name': 'aria_bimanual'}
('rldb:/processed_v2/aria/1761775271722_processed', '2025-10-29-22-01-11-722000')
('rldb:/processed_v2/aria/1761775271720_processed', '2025-10-29-22-01-11-720000')
('rldb:/processed_v2/aria/1761775271717_processed', '2025-10-29-22-01-11-717000')
('rldb:/processed_v2/aria/1761775271721_processed', '2025-10-29-22-01-11-721000')
('rldb:/processed_v2/aria/1761775271723_processed', '2025-10-29-22-01-11-723000')
('rldb:/processed_v2/aria/1761775271719_processed', '2025-10-29-22-01-11-719000')

Found 1 S3 paths matching filters {'operator': 'Baoyu', 'lab': 'rl2', 'scene': '2', 'task': 'fold clothes', 'robot_name': 'aria_bimanual'}
('rldb:/processed_v2/aria/1761775199879_processed', '2025-10-29-21-59-59-879000')

Found 1 S3 paths matching filters {'operator': 'Baoyu', 'lab': 'rl2', 'scene': '3', 'task': 'fold clothes', 'robot_name': 'aria_bimanual'}
('rldb:/processed_v2/aria/1761775196325_processed', '2025-10-29-21-59-56-325000')

Found 1 S3 paths matching filters {'operator': 'Baoyu', 'lab': 'rl2', 'scene': '4', 'task': 'fold clothes', 'robot_name': 'aria_bimanual'}
('rldb:/processed_v2/aria/1761775189791_processed', '2025-10-29-21-59-49-791000')

Found 1 S3 paths matching filters {'operator': 'Baoyu', 'lab': 'rl2', 'scene': '5', 'task': 'fold clothes', 'robot_name': 'aria_bimanual'}
('rldb:/processed_v2/aria/1761775184346_processed', '2025-10-29-21-59-44-346000')

Found 1 S3 paths matching filters {'operator': 'Baoyu', 'lab': 'rl2', 'scene': '6', 'task': 'fold clothes', 'robot_name': 'aria_bimanual'}
('rldb:/processed_v2/aria/1761775181062_processed', '2025-10-29-21-59-41-062000')

Found 1 S3 paths matching filters {'operator': 'Baoyu', 'lab': 'rl2', 'scene': '7', 'task': 'fold clothes', 'robot_name': 'aria_bimanual'}
('rldb:/processed_v2/aria/1761775168866_processed', '2025-10-29-21-59-28-866000')

Found 1 S3 paths matching filters {'operator': 'Baoyu', 'lab': 'rl2', 'scene': '8', 'task': 'fold clothes', 'robot_name': 'aria_bimanual'}
('rldb:/processed_v2/aria/1760377795711_processed', '2025-10-13-17-49-55-711000')


Found 12 S3 paths matching filters {'operator': 'Lawrence', 'lab': 'rl2', 'scene': '1', 'task': 'fold clothes', 'robot_name': 'aria_bimanual'}
('rldb:/processed_v2/aria/1760313578361_processed', '2025-10-12-23-59-38-361000')
('rldb:/processed_v2/aria/1760313592539_processed', '2025-10-12-23-59-52-539000')
('rldb:/processed_v2/aria/1761775517845_processed', '2025-10-29-22-05-17-845000')
('rldb:/processed_v2/aria/1760313606022_processed', '2025-10-13-00-00-06-022000')
('rldb:/processed_v2/aria/1760313563433_processed', '2025-10-12-23-59-23-433000')
('rldb:/processed_v2/aria/1761775517839_processed', '2025-10-29-22-05-17-839000')
('rldb:/processed_v2/aria/1761775517836_processed', '2025-10-29-22-05-17-836000')
('rldb:/processed_v2/aria/1761775517842_processed', '2025-10-29-22-05-17-842000')
('rldb:/processed_v2/aria/1761775517843_processed', '2025-10-29-22-05-17-843000')
('rldb:/processed_v2/aria/1761775517835_processed', '2025-10-29-22-05-17-835000')
('rldb:/processed_v2/aria/1761775517840_processed', '2025-10-29-22-05-17-840000')
('rldb:/processed_v2/aria/1761775517838_processed', '2025-10-29-22-05-17-838000')

Found 5 S3 paths matching filters {'operator': 'Lawrence', 'lab': 'rl2', 'scene': '2', 'task': 'fold clothes', 'robot_name': 'aria_bimanual'}
('rldb:/processed_v2/aria/1760313619171_processed', '2025-10-13-00-00-19-171000')
('rldb:/processed_v2/aria/1760313633262_processed', '2025-10-13-00-00-33-262000')
('rldb:/processed_v2/aria/1760313660898_processed', '2025-10-13-00-01-00-898000')
('rldb:/processed_v2/aria/1760313646425_processed', '2025-10-13-00-00-46-425000')
('rldb:/processed_v2/aria/1761775517833_processed', '2025-10-29-22-05-17-833000')

Found 5 S3 paths matching filters {'operator': 'Lawrence', 'lab': 'rl2', 'scene': '3', 'task': 'fold clothes', 'robot_name': 'aria_bimanual'}
('rldb:/processed_v2/aria/1760313742038_processed', '2025-10-13-00-02-22-038000')
('rldb:/processed_v2/aria/1760313697879_processed', '2025-10-13-00-01-37-879000')
('', '2025-10-13-00-02-00-468000')
('rldb:/processed_v2/aria/1761775517832_processed', '2025-10-29-22-05-17-832000')
('rldb:/processed_v2/aria/1760313677454_processed', '2025-10-13-00-01-17-454000')

Found 5 S3 paths matching filters {'operator': 'Lawrence', 'lab': 'rl2', 'scene': '4', 'task': 'fold clothes', 'robot_name': 'aria_bimanual'}
('rldb:/processed_v2/aria/1760315224770_processed', '2025-10-13-00-27-04-770000')
('rldb:/processed_v2/aria/1760315239744_processed', '2025-10-13-00-27-19-744000')
('rldb:/processed_v2/aria/1760315253211_processed', '2025-10-13-00-27-33-211000')
('rldb:/processed_v2/aria/1761775517830_processed', '2025-10-29-22-05-17-830000')
('rldb:/processed_v2/aria/1760315210123_processed', '2025-10-13-00-26-50-123000')

Found 5 S3 paths matching filters {'operator': 'Lawrence', 'lab': 'rl2', 'scene': '5', 'task': 'fold clothes', 'robot_name': 'aria_bimanual'}
('rldb:/processed_v2/aria/1760372575437_processed', '2025-10-13-16-22-55-437000')
('rldb:/processed_v2/aria/1760372525280_processed', '2025-10-13-16-22-05-280000')
('rldb:/processed_v2/aria/1760372562479_processed', '2025-10-13-16-22-42-479000')
('rldb:/processed_v2/aria/1761775517829_processed', '2025-10-29-22-05-17-829000')
('rldb:/processed_v2/aria/1760372549635_processed', '2025-10-13-16-22-29-635000')

Found 5 S3 paths matching filters {'operator': 'Lawrence', 'lab': 'rl2', 'scene': '6', 'task': 'fold clothes', 'robot_name': 'aria_bimanual'}
('rldb:/processed_v2/aria/1760372585802_processed', '2025-10-13-16-23-05-802000')
('rldb:/processed_v2/aria/1760372607391_processed', '2025-10-13-16-23-27-391000')
('rldb:/processed_v2/aria/1760372535663_processed', '2025-10-13-16-22-15-663000')
('rldb:/processed_v2/aria/1760372596056_processed', '2025-10-13-16-23-16-056000')
('rldb:/processed_v2/aria/1761775517828_processed', '2025-10-29-22-05-17-828000')

Found 5 S3 paths matching filters {'operator': 'Lawrence', 'lab': 'rl2', 'scene': '7', 'task': 'fold clothes', 'robot_name': 'aria_bimanual'}
('rldb:/processed_v2/aria/1760416233706_processed', '2025-10-14-04-30-33-706000')
('rldb:/processed_v2/aria/1760416214819_processed', '2025-10-14-04-30-14-819000')
('rldb:/processed_v2/aria/1760416178501_processed', '2025-10-14-04-29-38-501000')
('rldb:/processed_v2/aria/1760416198059_processed', '2025-10-14-04-29-58-059000')
('rldb:/processed_v2/aria/1761775517826_processed', '2025-10-29-22-05-17-826000')

Found 5 S3 paths matching filters {'operator': 'Lawrence', 'lab': 'rl2', 'scene': '8', 'task': 'fold clothes', 'robot_name': 'aria_bimanual'}
('', '2025-10-29-22-05-17-825000')
('rldb:/processed_v2/aria/1760410380652_processed', '2025-10-14-02-53-00-652000')
('rldb:/processed_v2/aria/1760416159106_processed', '2025-10-14-04-29-19-106000')
('rldb:/processed_v2/aria/1760410397389_processed', '2025-10-14-02-53-17-389000')
('rldb:/processed_v2/aria/1760416284089_processed', '2025-10-14-04-31-24-089000')


Found 2 S3 paths matching filters {'operator': 'Pranav', 'lab': 'rl2', 'scene': '1', 'task': 'fold clothes', 'robot_name': 'aria_bimanual'}
('rldb:/processed_v2/aria/1761775560432_processed', '2025-10-29-22-06-00-432000')
('rldb:/processed_v2/aria/1761775560433_processed', '2025-10-29-22-06-00-433000')

Found 3 S3 paths matching filters {'operator': 'Pranav', 'lab': 'rl2', 'scene': '2', 'task': 'fold clothes', 'robot_name': 'aria_bimanual'}
('rldb:/processed_v2/aria/1761775560431_processed', '2025-10-29-22-06-00-431000')
('rldb:/processed_v2/aria/1761775560429_processed', '2025-10-29-22-06-00-429000')
('rldb:/processed_v2/aria/1761775560430_processed', '2025-10-29-22-06-00-430000')

Found 2 S3 paths matching filters {'operator': 'Pranav', 'lab': 'rl2', 'scene': '3', 'task': 'fold clothes', 'robot_name': 'aria_bimanual'}
('rldb:/processed_v2/aria/1761775560415_processed', '2025-10-29-22-06-00-415000')
('rldb:/processed_v2/aria/1761775560428_processed', '2025-10-29-22-06-00-428000')

Found 3 S3 paths matching filters {'operator': 'Pranav', 'lab': 'rl2', 'scene': '4', 'task': 'fold clothes', 'robot_name': 'aria_bimanual'}
('rldb:/processed_v2/aria/1761775560425_processed', '2025-10-29-22-06-00-425000')
('rldb:/processed_v2/aria/1761775560427_processed', '2025-10-29-22-06-00-427000')
('rldb:/processed_v2/aria/1761775560426_processed', '2025-10-29-22-06-00-426000')

Found 1 S3 paths matching filters {'operator': 'Pranav', 'lab': 'rl2', 'scene': '5', 'task': 'fold clothes', 'robot_name': 'aria_bimanual'}
('rldb:/processed_v2/aria/1761775560424_processed', '2025-10-29-22-06-00-424000')

Found 3 S3 paths matching filters {'operator': 'Pranav', 'lab': 'rl2', 'scene': '6', 'task': 'fold clothes', 'robot_name': 'aria_bimanual'}
('rldb:/processed_v2/aria/1761775560423_processed', '2025-10-29-22-06-00-423000')
('rldb:/processed_v2/aria/1761775560422_processed', '2025-10-29-22-06-00-422000')
('rldb:/processed_v2/aria/1761775560421_processed', '2025-10-29-22-06-00-421000')

Found 2 S3 paths matching filters {'operator': 'Pranav', 'lab': 'rl2', 'scene': '7', 'task': 'fold clothes', 'robot_name': 'aria_bimanual'}
('rldb:/processed_v2/aria/1761775560419_processed', '2025-10-29-22-06-00-419000')
('rldb:/processed_v2/aria/1761775560420_processed', '2025-10-29-22-06-00-420000')

Found 3 S3 paths matching filters {'operator': 'Pranav', 'lab': 'rl2', 'scene': '8', 'task': 'fold clothes', 'robot_name': 'aria_bimanual'}
('rldb:/processed_v2/aria/1761775560416_processed', '2025-10-29-22-06-00-416000')
('rldb:/processed_v2/aria/1761775560417_processed', '2025-10-29-22-06-00-417000')
('rldb:/processed_v2/aria/1761775560418_processed', '2025-10-29-22-06-00-418000')

